D:\C\DIVIDE\DIVIDE\DEBUG\DIV.OBJ
D:\C\DIVIDE\DIVIDE\DEBUG\VC110.PDB
D:\C\DIVIDE\DEBUG\DIVIDE.ILK
D:\C\DIVIDE\DEBUG\DIVIDE.EXE
D:\C\DIVIDE\DEBUG\DIVIDE.PDB
D:\C\divide\divide\Debug\div.obj
D:\C\divide\divide\Debug\cl.command.1.tlog
D:\C\divide\divide\Debug\CL.read.1.tlog
D:\C\divide\divide\Debug\CL.write.1.tlog
D:\C\divide\divide\Debug\link-cvtres.read.1.tlog
D:\C\divide\divide\Debug\link-cvtres.write.1.tlog
D:\C\divide\divide\Debug\link-rc.read.1.tlog
D:\C\divide\divide\Debug\link-rc.write.1.tlog
D:\C\divide\divide\Debug\link.command.1.tlog
D:\C\divide\divide\Debug\link.read.1.tlog
D:\C\divide\divide\Debug\link.write.1.tlog
D:\C\divide\divide\Debug\vc110.idb
D:\C\divide\divide\Debug\vc110.pdb
D:\C\divide\Debug\divide.pdb
D:\C\divide\Debug\divide.exe
D:\C\divide\Debug\divide.ilk
