D:\C\MULTIPLY\MULTIPLY\DEBUG\MUL.OBJ
D:\C\MULTIPLY\MULTIPLY\DEBUG\VC110.PDB
D:\C\MULTIPLY\DEBUG\MULTIPLY.DLL
D:\C\MULTIPLY\DEBUG\MULTIPLY.PDB
D:\C\multiply\Debug\multiply.lib
D:\C\multiply\Debug\multiply.exp
D:\C\multiply\multiply\Debug\mul.obj
D:\C\multiply\multiply\Debug\cl.command.1.tlog
D:\C\multiply\multiply\Debug\CL.read.1.tlog
D:\C\multiply\multiply\Debug\CL.write.1.tlog
D:\C\multiply\multiply\Debug\link-cvtres.read.1.tlog
D:\C\multiply\multiply\Debug\link-cvtres.write.1.tlog
D:\C\multiply\multiply\Debug\link-rc.read.1.tlog
D:\C\multiply\multiply\Debug\link-rc.write.1.tlog
D:\C\multiply\multiply\Debug\link.10280-cvtres.read.1.tlog
D:\C\multiply\multiply\Debug\link.10280-cvtres.write.1.tlog
D:\C\multiply\multiply\Debug\link.10280-rc.read.1.tlog
D:\C\multiply\multiply\Debug\link.10280-rc.write.1.tlog
D:\C\multiply\multiply\Debug\link.10280.read.1.tlog
D:\C\multiply\multiply\Debug\link.10280.write.1.tlog
D:\C\multiply\multiply\Debug\link.10868-cvtres.read.1.tlog
D:\C\multiply\multiply\Debug\link.10868-cvtres.write.1.tlog
D:\C\multiply\multiply\Debug\link.10868-rc.read.1.tlog
D:\C\multiply\multiply\Debug\link.10868-rc.write.1.tlog
D:\C\multiply\multiply\Debug\link.10868.read.1.tlog
D:\C\multiply\multiply\Debug\link.10868.write.1.tlog
D:\C\multiply\multiply\Debug\link.14904-cvtres.read.1.tlog
D:\C\multiply\multiply\Debug\link.14904-cvtres.write.1.tlog
D:\C\multiply\multiply\Debug\link.14904-rc.read.1.tlog
D:\C\multiply\multiply\Debug\link.14904-rc.write.1.tlog
D:\C\multiply\multiply\Debug\link.14904.read.1.tlog
D:\C\multiply\multiply\Debug\link.14904.write.1.tlog
D:\C\multiply\multiply\Debug\link.16060-cvtres.read.1.tlog
D:\C\multiply\multiply\Debug\link.16060-cvtres.write.1.tlog
D:\C\multiply\multiply\Debug\link.16060-rc.read.1.tlog
D:\C\multiply\multiply\Debug\link.16060-rc.write.1.tlog
D:\C\multiply\multiply\Debug\link.16060.read.1.tlog
D:\C\multiply\multiply\Debug\link.16060.write.1.tlog
D:\C\multiply\multiply\Debug\link.2836-cvtres.read.1.tlog
D:\C\multiply\multiply\Debug\link.2836-cvtres.write.1.tlog
D:\C\multiply\multiply\Debug\link.2836-rc.read.1.tlog
D:\C\multiply\multiply\Debug\link.2836-rc.write.1.tlog
D:\C\multiply\multiply\Debug\link.2836.read.1.tlog
D:\C\multiply\multiply\Debug\link.2836.write.1.tlog
D:\C\multiply\multiply\Debug\link.3284-cvtres.read.1.tlog
D:\C\multiply\multiply\Debug\link.3284-cvtres.write.1.tlog
D:\C\multiply\multiply\Debug\link.3284-rc.read.1.tlog
D:\C\multiply\multiply\Debug\link.3284-rc.write.1.tlog
D:\C\multiply\multiply\Debug\link.3284.read.1.tlog
D:\C\multiply\multiply\Debug\link.3284.write.1.tlog
D:\C\multiply\multiply\Debug\link.4344-cvtres.read.1.tlog
D:\C\multiply\multiply\Debug\link.4344-cvtres.write.1.tlog
D:\C\multiply\multiply\Debug\link.4344-rc.read.1.tlog
D:\C\multiply\multiply\Debug\link.4344-rc.write.1.tlog
D:\C\multiply\multiply\Debug\link.4344.read.1.tlog
D:\C\multiply\multiply\Debug\link.4344.write.1.tlog
D:\C\multiply\multiply\Debug\link.4380-cvtres.read.1.tlog
D:\C\multiply\multiply\Debug\link.4380-cvtres.write.1.tlog
D:\C\multiply\multiply\Debug\link.4380-rc.read.1.tlog
D:\C\multiply\multiply\Debug\link.4380-rc.write.1.tlog
D:\C\multiply\multiply\Debug\link.4380.read.1.tlog
D:\C\multiply\multiply\Debug\link.4380.write.1.tlog
D:\C\multiply\multiply\Debug\link.6776-cvtres.read.1.tlog
D:\C\multiply\multiply\Debug\link.6776-cvtres.write.1.tlog
D:\C\multiply\multiply\Debug\link.6776-rc.read.1.tlog
D:\C\multiply\multiply\Debug\link.6776-rc.write.1.tlog
D:\C\multiply\multiply\Debug\link.6776.read.1.tlog
D:\C\multiply\multiply\Debug\link.6776.write.1.tlog
D:\C\multiply\multiply\Debug\link.9884-cvtres.read.1.tlog
D:\C\multiply\multiply\Debug\link.9884-cvtres.write.1.tlog
D:\C\multiply\multiply\Debug\link.9884-rc.read.1.tlog
D:\C\multiply\multiply\Debug\link.9884-rc.write.1.tlog
D:\C\multiply\multiply\Debug\link.9884.read.1.tlog
D:\C\multiply\multiply\Debug\link.9884.write.1.tlog
D:\C\multiply\multiply\Debug\link.command.1.tlog
D:\C\multiply\multiply\Debug\link.read.1.tlog
D:\C\multiply\multiply\Debug\link.write.1.tlog
D:\C\multiply\multiply\Debug\multiply.write.1.tlog
D:\C\multiply\multiply\Debug\vc110.idb
D:\C\multiply\multiply\Debug\vc110.pdb
D:\C\multiply\Debug\multiply.pdb
D:\C\multiply\Debug\multiply.dll
